2024-07-18 01:54:39,517  * Detected change in 'C:\\Users\\Ahmed\\Documents\\GitHub\\SocialMediaConverter\\main.py', reloading
2024-07-18 01:54:39,577  * Restarting with stat
2024-07-18 01:54:40,525 Starting Flask server
2024-07-18 01:54:40,531  * Debugger is active!
2024-07-18 01:54:40,535  * Debugger PIN: 133-618-925
2024-07-18 01:54:41,128  * Running on http://127.0.0.1:5000/ (Press CTRL+C to quit)
2024-07-18 01:54:48,348  * Detected change in 'C:\\Users\\Ahmed\\Documents\\GitHub\\SocialMediaConverter\\main.py', reloading
2024-07-18 01:54:48,405  * Restarting with stat
2024-07-18 01:54:49,228 Starting Flask server
2024-07-18 01:54:49,233  * Debugger is active!
2024-07-18 01:54:49,237  * Debugger PIN: 133-618-925
2024-07-18 01:54:49,738  * Running on http://127.0.0.1:5000/ (Press CTRL+C to quit)
2024-07-18 01:54:58,691  * Detected change in 'C:\\Users\\Ahmed\\Documents\\GitHub\\SocialMediaConverter\\main.py', reloading
2024-07-18 01:54:58,764  * Restarting with stat
2024-07-18 01:54:59,580 Starting Flask server
2024-07-18 01:54:59,585  * Debugger is active!
2024-07-18 01:54:59,588  * Debugger PIN: 133-618-925
2024-07-18 01:55:00,143  * Running on http://127.0.0.1:5000/ (Press CTRL+C to quit)
2024-07-18 01:55:08,957  * Detected change in 'C:\\Users\\Ahmed\\Documents\\GitHub\\SocialMediaConverter\\main.py', reloading
2024-07-18 01:55:09,050  * Restarting with stat
2024-07-18 01:55:10,105 Starting Flask server
2024-07-18 01:55:10,112  * Debugger is active!
2024-07-18 01:55:10,115  * Debugger PIN: 133-618-925
2024-07-18 01:55:10,828  * Running on http://127.0.0.1:5000/ (Press CTRL+C to quit)
2024-07-18 01:55:14,977 Starting Flask server
2024-07-18 01:55:14,979  * Restarting with stat
2024-07-18 01:55:15,753 Starting Flask server
2024-07-18 01:55:15,758  * Debugger is active!
2024-07-18 01:55:15,761  * Debugger PIN: 133-618-925
2024-07-18 01:55:16,340  * Running on http://127.0.0.1:5000/ (Press CTRL+C to quit)
2024-07-18 01:55:29,415 Received request with URL: asdasd and format: mp3
2024-07-18 01:55:30,218 Error during download: ERROR: 'asdasd' is not a valid URL. Set --default-search "ytsearch" (or run  yt-dlp "ytsearch:asdasd" ) to search YouTube
2024-07-18 01:55:30,219 127.0.0.1 - - [18/Jul/2024 01:55:30] "POST /convert HTTP/1.1" 200 -
2024-07-18 01:55:32,269 Received request with URL: asdasd and format: mp3
2024-07-18 01:55:32,314 Error during download: ERROR: 'asdasd' is not a valid URL. Set --default-search "ytsearch" (or run  yt-dlp "ytsearch:asdasd" ) to search YouTube
2024-07-18 01:55:32,315 127.0.0.1 - - [18/Jul/2024 01:55:32] "POST /convert HTTP/1.1" 200 -
2024-07-18 01:55:48,409 Received request with URL: https://youtu.be/TEvB0SqNgVI?si=5-xJBLHyLFL1Xv65 and format: mp3
2024-07-18 01:55:48,871 Error during download: ERROR: Unable to extract uploader id; please report this issue on  https://github.com/yt-dlp/yt-dlp . Make sure you are using the latest version; see  https://github.com/yt-dlp/yt-dlp  on how to update. Be sure to call yt-dlp with the --verbose flag and include its complete output.
2024-07-18 01:55:48,872 127.0.0.1 - - [18/Jul/2024 01:55:48] "POST /convert HTTP/1.1" 200 -
2024-07-18 01:55:50,908 Received request with URL: https://youtu.be/TEvB0SqNgVI?si=5-xJBLHyLFL1Xv65 and format: mp3
2024-07-18 01:55:51,281 Error during download: ERROR: Unable to extract uploader id; please report this issue on  https://github.com/yt-dlp/yt-dlp . Make sure you are using the latest version; see  https://github.com/yt-dlp/yt-dlp  on how to update. Be sure to call yt-dlp with the --verbose flag and include its complete output.
2024-07-18 01:55:51,282 127.0.0.1 - - [18/Jul/2024 01:55:51] "POST /convert HTTP/1.1" 200 -
2024-07-18 01:56:01,079 Received request with URL: https://youtu.be/TEvB0SqNgVI?si=5-xJBLHyLFL1Xv65 and format: mp4
2024-07-18 01:56:01,086 Error during download: __init__() got an unexpected keyword argument 'preferredcodec'
2024-07-18 01:56:01,087 127.0.0.1 - - [18/Jul/2024 01:56:01] "POST /convert HTTP/1.1" 200 -
2024-07-18 01:56:25,517 Received request with URL: https://youtu.be/RYbTcY9eF2w?si=ezukBWPDmqM6Jzvl and format: mp3
2024-07-18 01:56:26,089 Error during download: ERROR: Unable to extract uploader id; please report this issue on  https://github.com/yt-dlp/yt-dlp . Make sure you are using the latest version; see  https://github.com/yt-dlp/yt-dlp  on how to update. Be sure to call yt-dlp with the --verbose flag and include its complete output.
2024-07-18 01:56:26,090 127.0.0.1 - - [18/Jul/2024 01:56:26] "POST /convert HTTP/1.1" 200 -
2024-07-18 01:56:28,126 Received request with URL: https://youtu.be/RYbTcY9eF2w?si=ezukBWPDmqM6Jzvl and format: mp3
2024-07-18 01:56:28,747 Error during download: ERROR: Unable to extract uploader id; please report this issue on  https://github.com/yt-dlp/yt-dlp . Make sure you are using the latest version; see  https://github.com/yt-dlp/yt-dlp  on how to update. Be sure to call yt-dlp with the --verbose flag and include its complete output.
2024-07-18 01:56:28,748 127.0.0.1 - - [18/Jul/2024 01:56:28] "POST /convert HTTP/1.1" 200 -
2024-07-18 01:57:05,185 Received request with URL: https://youtu.be/9bZkp7q19f0 and format: mp3
2024-07-18 01:57:05,883 Error during download: ERROR: Signature extraction failed: Traceback (most recent call last):
  File "C:\Users\Ahmed\Documents\GitHub\SocialMediaConverter\venv\lib\site-packages\yt_dlp\extractor\youtube.py", line 1492, in _decrypt_signature
    return func(s)
  File "C:\Users\Ahmed\Documents\GitHub\SocialMediaConverter\venv\lib\site-packages\yt_dlp\extractor\youtube.py", line 1391, in <lambda>
    return lambda s: ''.join(s[i] for i in cache_spec)
  File "C:\Users\Ahmed\Documents\GitHub\SocialMediaConverter\venv\lib\site-packages\yt_dlp\extractor\youtube.py", line 1391, in <genexpr>
    return lambda s: ''.join(s[i] for i in cache_spec)
TypeError: string indices must be integers
 (caused by TypeError('string indices must be integers')); please report this issue on  https://github.com/yt-dlp/yt-dlp . Make sure you are using the latest version; see  https://github.com/yt-dlp/yt-dlp  on how to update. Be sure to call yt-dlp with the --verbose flag and include its complete output.
2024-07-18 01:57:05,883 127.0.0.1 - - [18/Jul/2024 01:57:05] "POST /convert HTTP/1.1" 200 -
2024-07-18 01:57:07,921 Received request with URL: https://youtu.be/9bZkp7q19f0 and format: mp4
2024-07-18 01:57:07,935 Error during download: __init__() got an unexpected keyword argument 'preferredcodec'
2024-07-18 01:57:07,935 127.0.0.1 - - [18/Jul/2024 01:57:07] "POST /convert HTTP/1.1" 200 -
2024-07-18 01:57:16,010 Received request with URL: https://www.youtube.com/watch?v=9bZkp7q19f0 and format: mp3
2024-07-18 01:57:17,902 Error during download: ERROR: Unable to extract uploader id; please report this issue on  https://github.com/yt-dlp/yt-dlp . Make sure you are using the latest version; see  https://github.com/yt-dlp/yt-dlp  on how to update. Be sure to call yt-dlp with the --verbose flag and include its complete output.
2024-07-18 01:57:17,902 127.0.0.1 - - [18/Jul/2024 01:57:17] "POST /convert HTTP/1.1" 200 -
2024-07-18 01:57:20,119 Received request with URL: https://www.youtube.com/watch?v=9bZkp7q19f0 and format: mp3
2024-07-18 01:57:20,669 Error during download: ERROR: Signature extraction failed: Traceback (most recent call last):
  File "C:\Users\Ahmed\Documents\GitHub\SocialMediaConverter\venv\lib\site-packages\yt_dlp\extractor\youtube.py", line 1492, in _decrypt_signature
    return func(s)
  File "C:\Users\Ahmed\Documents\GitHub\SocialMediaConverter\venv\lib\site-packages\yt_dlp\extractor\youtube.py", line 1391, in <lambda>
    return lambda s: ''.join(s[i] for i in cache_spec)
  File "C:\Users\Ahmed\Documents\GitHub\SocialMediaConverter\venv\lib\site-packages\yt_dlp\extractor\youtube.py", line 1391, in <genexpr>
    return lambda s: ''.join(s[i] for i in cache_spec)
TypeError: string indices must be integers
 (caused by TypeError('string indices must be integers')); please report this issue on  https://github.com/yt-dlp/yt-dlp . Make sure you are using the latest version; see  https://github.com/yt-dlp/yt-dlp  on how to update. Be sure to call yt-dlp with the --verbose flag and include its complete output.
2024-07-18 01:57:20,670 127.0.0.1 - - [18/Jul/2024 01:57:20] "POST /convert HTTP/1.1" 200 -
2024-07-18 01:58:04,709  * Detected change in 'C:\\Users\\Ahmed\\Documents\\GitHub\\SocialMediaConverter\\main.py', reloading
2024-07-18 01:58:04,801  * Restarting with stat
2024-07-18 01:58:06,459 Starting Flask server
2024-07-18 01:58:06,470  * Debugger is active!
2024-07-18 01:58:06,475  * Debugger PIN: 133-618-925
2024-07-18 01:58:07,135  * Running on http://127.0.0.1:5000/ (Press CTRL+C to quit)
2024-07-18 01:58:30,576  * Detected change in 'C:\\Users\\Ahmed\\Documents\\GitHub\\SocialMediaConverter\\main.py', reloading
2024-07-18 01:58:30,629  * Restarting with stat
2024-07-18 01:58:31,486 Starting Flask server
2024-07-18 01:58:31,495  * Debugger is active!
2024-07-18 01:58:31,495  * Debugger PIN: 133-618-925
2024-07-18 01:58:32,018  * Running on http://127.0.0.1:5000/ (Press CTRL+C to quit)
2024-07-18 01:58:34,046  * Detected change in 'C:\\Users\\Ahmed\\Documents\\GitHub\\SocialMediaConverter\\main.py', reloading
2024-07-18 01:58:34,095  * Restarting with stat
2024-07-18 01:58:34,945 Starting Flask server
2024-07-18 01:58:34,952  * Debugger is active!
2024-07-18 01:58:34,955  * Debugger PIN: 133-618-925
2024-07-18 01:58:35,478  * Running on http://127.0.0.1:5000/ (Press CTRL+C to quit)
2024-07-18 01:58:37,757  * Detected change in 'C:\\Users\\Ahmed\\Documents\\GitHub\\SocialMediaConverter\\main.py', reloading
2024-07-18 01:58:37,825  * Restarting with stat
2024-07-18 01:58:39,144 Starting Flask server
2024-07-18 01:58:39,154  * Debugger is active!
2024-07-18 01:58:39,155  * Debugger PIN: 133-618-925
2024-07-18 01:58:40,005  * Running on http://127.0.0.1:5000/ (Press CTRL+C to quit)
2024-07-18 01:58:40,014 Starting Flask server
2024-07-18 01:58:40,026  * Restarting with stat
2024-07-18 01:58:41,086 Starting Flask server
2024-07-18 01:58:41,095  * Debugger is active!
2024-07-18 01:58:41,095  * Debugger PIN: 133-618-925
2024-07-18 01:58:41,676  * Running on http://127.0.0.1:5000/ (Press CTRL+C to quit)
2024-07-18 01:59:46,026 Starting Flask server
2024-07-18 01:59:46,039  * Restarting with stat
2024-07-18 01:59:46,995 Starting Flask server
2024-07-18 01:59:46,995  * Debugger is active!
2024-07-18 01:59:47,007  * Debugger PIN: 133-618-925
2024-07-18 01:59:47,650  * Running on http://127.0.0.1:5000/ (Press CTRL+C to quit)
2024-07-18 02:00:29,795  * Detected change in 'C:\\Users\\Ahmed\\Documents\\GitHub\\SocialMediaConverter\\main.py', reloading
2024-07-18 02:00:29,836  * Restarting with stat
2024-07-18 02:00:30,971 Starting Flask server
2024-07-18 02:00:30,976  * Debugger is active!
2024-07-18 02:00:30,982  * Debugger PIN: 133-618-925
2024-07-18 02:00:34,115 Starting Flask server
2024-07-18 02:00:34,125  * Restarting with stat
2024-07-18 02:00:35,075 Starting Flask server
2024-07-18 02:00:35,085  * Debugger is active!
2024-07-18 02:00:35,088  * Debugger PIN: 133-618-925
2024-07-18 02:00:35,708  * Running on http://127.0.0.1:5000/ (Press CTRL+C to quit)
2024-07-18 02:00:56,784 Received request with URL: https://www.youtube.com/watch?v=9bZkp7q19f0 and format: mp3
2024-07-18 02:00:57,649 Error during download: ERROR: Signature extraction failed: Traceback (most recent call last):
  File "C:\Users\Ahmed\Documents\GitHub\SocialMediaConverter\venv\lib\site-packages\yt_dlp\extractor\youtube.py", line 1492, in _decrypt_signature
    return func(s)
  File "C:\Users\Ahmed\Documents\GitHub\SocialMediaConverter\venv\lib\site-packages\yt_dlp\extractor\youtube.py", line 1391, in <lambda>
    return lambda s: ''.join(s[i] for i in cache_spec)
  File "C:\Users\Ahmed\Documents\GitHub\SocialMediaConverter\venv\lib\site-packages\yt_dlp\extractor\youtube.py", line 1391, in <genexpr>
    return lambda s: ''.join(s[i] for i in cache_spec)
TypeError: string indices must be integers
 (caused by TypeError('string indices must be integers')); please report this issue on  https://github.com/yt-dlp/yt-dlp . Make sure you are using the latest version; see  https://github.com/yt-dlp/yt-dlp  on how to update. Be sure to call yt-dlp with the --verbose flag and include its complete output.
2024-07-18 02:00:57,651 127.0.0.1 - - [18/Jul/2024 02:00:57] "POST /convert HTTP/1.1" 200 -
2024-07-18 02:00:59,681 Received request with URL: https://www.youtube.com/watch?v=9bZkp7q19f0 and format: mp3
2024-07-18 02:01:00,266 Error during download: ERROR: Signature extraction failed: Traceback (most recent call last):
  File "C:\Users\Ahmed\Documents\GitHub\SocialMediaConverter\venv\lib\site-packages\yt_dlp\extractor\youtube.py", line 1492, in _decrypt_signature
    return func(s)
  File "C:\Users\Ahmed\Documents\GitHub\SocialMediaConverter\venv\lib\site-packages\yt_dlp\extractor\youtube.py", line 1391, in <lambda>
    return lambda s: ''.join(s[i] for i in cache_spec)
  File "C:\Users\Ahmed\Documents\GitHub\SocialMediaConverter\venv\lib\site-packages\yt_dlp\extractor\youtube.py", line 1391, in <genexpr>
    return lambda s: ''.join(s[i] for i in cache_spec)
TypeError: string indices must be integers
 (caused by TypeError('string indices must be integers')); please report this issue on  https://github.com/yt-dlp/yt-dlp . Make sure you are using the latest version; see  https://github.com/yt-dlp/yt-dlp  on how to update. Be sure to call yt-dlp with the --verbose flag and include its complete output.
2024-07-18 02:01:00,266 127.0.0.1 - - [18/Jul/2024 02:01:00] "POST /convert HTTP/1.1" 200 -
2024-07-18 02:04:58,882 Starting Flask server
2024-07-18 02:04:58,892  * Restarting with stat
2024-07-18 02:05:00,190 Starting Flask server
2024-07-18 02:05:00,196  * Debugger is active!
2024-07-18 02:05:00,199  * Debugger PIN: 133-618-925
2024-07-18 02:05:00,278  * Running on http://127.0.0.1:5000/ (Press CTRL+C to quit)
2024-07-18 02:05:19,539 Received request with URL: adasd and format: mp3
2024-07-18 02:05:19,873 Error during download: ERROR: 'adasd' is not a valid URL. Set --default-search "ytsearch" (or run  yt-dlp "ytsearch:adasd" ) to search YouTube
2024-07-18 02:05:19,873 127.0.0.1 - - [18/Jul/2024 02:05:19] "POST /convert HTTP/1.1" 200 -
2024-07-18 02:05:21,933 Received request with URL: adasd and format: mp3
2024-07-18 02:05:21,976 Error during download: ERROR: 'adasd' is not a valid URL. Set --default-search "ytsearch" (or run  yt-dlp "ytsearch:adasd" ) to search YouTube
2024-07-18 02:05:21,976 127.0.0.1 - - [18/Jul/2024 02:05:21] "POST /convert HTTP/1.1" 200 -
