2024-07-18 01:55:13,935 Opening the app
2024-07-18 01:55:19,000 Sleep is over
2024-07-18 01:55:19,280 Show GUI
2024-07-18 01:55:27,370 Sending request with URL: asdasd and format: mp3
2024-07-18 01:55:27,372 Starting new HTTP connection (1): localhost:5000
2024-07-18 01:55:30,219 http://localhost:5000 "POST /convert HTTP/1.1" 200 164
2024-07-18 01:55:30,219 Error from server: ERROR: 'asdasd' is not a valid URL. Set --default-search "ytsearch" (or run  yt-dlp "ytsearch:asdasd" ) to search YouTube
2024-07-18 01:55:30,226 Sending request with URL: asdasd and format: mp3
2024-07-18 01:55:30,228 Starting new HTTP connection (1): localhost:5000
2024-07-18 01:55:32,315 http://localhost:5000 "POST /convert HTTP/1.1" 200 164
2024-07-18 01:55:32,316 Error from server: ERROR: 'asdasd' is not a valid URL. Set --default-search "ytsearch" (or run  yt-dlp "ytsearch:asdasd" ) to search YouTube
2024-07-18 01:55:46,378 Sending request with URL: https://youtu.be/TEvB0SqNgVI?si=5-xJBLHyLFL1Xv65 and format: mp3
2024-07-18 01:55:46,378 Starting new HTTP connection (1): localhost:5000
2024-07-18 01:55:48,872 http://localhost:5000 "POST /convert HTTP/1.1" 200 321
2024-07-18 01:55:48,873 Error from server: ERROR: Unable to extract uploader id; please report this issue on  https://github.com/yt-dlp/yt-dlp . Make sure you are using the latest version; see  https://github.com/yt-dlp/yt-dlp  on how to update. Be sure to call yt-dlp with the --verbose flag and include its complete output.
2024-07-18 01:55:48,878 Sending request with URL: https://youtu.be/TEvB0SqNgVI?si=5-xJBLHyLFL1Xv65 and format: mp3
2024-07-18 01:55:48,879 Starting new HTTP connection (1): localhost:5000
2024-07-18 01:55:51,282 http://localhost:5000 "POST /convert HTTP/1.1" 200 321
2024-07-18 01:55:51,283 Error from server: ERROR: Unable to extract uploader id; please report this issue on  https://github.com/yt-dlp/yt-dlp . Make sure you are using the latest version; see  https://github.com/yt-dlp/yt-dlp  on how to update. Be sure to call yt-dlp with the --verbose flag and include its complete output.
2024-07-18 01:55:59,041 Sending request with URL: https://youtu.be/TEvB0SqNgVI?si=5-xJBLHyLFL1Xv65 and format: mp4
2024-07-18 01:55:59,042 Starting new HTTP connection (1): localhost:5000
2024-07-18 01:56:01,087 http://localhost:5000 "POST /convert HTTP/1.1" 200 101
2024-07-18 01:56:01,088 Error from server: __init__() got an unexpected keyword argument 'preferredcodec'
2024-07-18 01:56:23,474 Sending request with URL: https://youtu.be/RYbTcY9eF2w?si=ezukBWPDmqM6Jzvl and format: mp3
2024-07-18 01:56:23,474 Starting new HTTP connection (1): localhost:5000
2024-07-18 01:56:26,090 http://localhost:5000 "POST /convert HTTP/1.1" 200 321
2024-07-18 01:56:26,091 Error from server: ERROR: Unable to extract uploader id; please report this issue on  https://github.com/yt-dlp/yt-dlp . Make sure you are using the latest version; see  https://github.com/yt-dlp/yt-dlp  on how to update. Be sure to call yt-dlp with the --verbose flag and include its complete output.
2024-07-18 01:56:26,092 Sending request with URL: https://youtu.be/RYbTcY9eF2w?si=ezukBWPDmqM6Jzvl and format: mp3
2024-07-18 01:56:26,093 Starting new HTTP connection (1): localhost:5000
2024-07-18 01:56:28,748 http://localhost:5000 "POST /convert HTTP/1.1" 200 321
2024-07-18 01:56:28,750 Error from server: ERROR: Unable to extract uploader id; please report this issue on  https://github.com/yt-dlp/yt-dlp . Make sure you are using the latest version; see  https://github.com/yt-dlp/yt-dlp  on how to update. Be sure to call yt-dlp with the --verbose flag and include its complete output.
2024-07-18 01:57:03,162 Sending request with URL: https://youtu.be/9bZkp7q19f0 and format: mp3
2024-07-18 01:57:03,163 Starting new HTTP connection (1): localhost:5000
2024-07-18 01:57:05,884 http://localhost:5000 "POST /convert HTTP/1.1" 200 1054
2024-07-18 01:57:05,885 Error from server: ERROR: Signature extraction failed: Traceback (most recent call last):
  File "C:\Users\Ahmed\Documents\GitHub\SocialMediaConverter\venv\lib\site-packages\yt_dlp\extractor\youtube.py", line 1492, in _decrypt_signature
    return func(s)
  File "C:\Users\Ahmed\Documents\GitHub\SocialMediaConverter\venv\lib\site-packages\yt_dlp\extractor\youtube.py", line 1391, in <lambda>
    return lambda s: ''.join(s[i] for i in cache_spec)
  File "C:\Users\Ahmed\Documents\GitHub\SocialMediaConverter\venv\lib\site-packages\yt_dlp\extractor\youtube.py", line 1391, in <genexpr>
    return lambda s: ''.join(s[i] for i in cache_spec)
TypeError: string indices must be integers
 (caused by TypeError('string indices must be integers')); please report this issue on  https://github.com/yt-dlp/yt-dlp . Make sure you are using the latest version; see  https://github.com/yt-dlp/yt-dlp  on how to update. Be sure to call yt-dlp with the --verbose flag and include its complete output.
2024-07-18 01:57:05,892 Sending request with URL: https://youtu.be/9bZkp7q19f0 and format: mp4
2024-07-18 01:57:05,893 Starting new HTTP connection (1): localhost:5000
2024-07-18 01:57:07,936 http://localhost:5000 "POST /convert HTTP/1.1" 200 101
2024-07-18 01:57:07,937 Error from server: __init__() got an unexpected keyword argument 'preferredcodec'
2024-07-18 01:57:13,988 Sending request with URL: https://www.youtube.com/watch?v=9bZkp7q19f0 and format: mp3
2024-07-18 01:57:13,989 Starting new HTTP connection (1): localhost:5000
2024-07-18 01:57:17,903 http://localhost:5000 "POST /convert HTTP/1.1" 200 321
2024-07-18 01:57:17,903 Error from server: ERROR: Unable to extract uploader id; please report this issue on  https://github.com/yt-dlp/yt-dlp . Make sure you are using the latest version; see  https://github.com/yt-dlp/yt-dlp  on how to update. Be sure to call yt-dlp with the --verbose flag and include its complete output.
2024-07-18 01:57:18,090 Sending request with URL: https://www.youtube.com/watch?v=9bZkp7q19f0 and format: mp3
2024-07-18 01:57:18,091 Starting new HTTP connection (1): localhost:5000
2024-07-18 01:57:20,670 http://localhost:5000 "POST /convert HTTP/1.1" 200 1054
2024-07-18 01:57:20,671 Error from server: ERROR: Signature extraction failed: Traceback (most recent call last):
  File "C:\Users\Ahmed\Documents\GitHub\SocialMediaConverter\venv\lib\site-packages\yt_dlp\extractor\youtube.py", line 1492, in _decrypt_signature
    return func(s)
  File "C:\Users\Ahmed\Documents\GitHub\SocialMediaConverter\venv\lib\site-packages\yt_dlp\extractor\youtube.py", line 1391, in <lambda>
    return lambda s: ''.join(s[i] for i in cache_spec)
  File "C:\Users\Ahmed\Documents\GitHub\SocialMediaConverter\venv\lib\site-packages\yt_dlp\extractor\youtube.py", line 1391, in <genexpr>
    return lambda s: ''.join(s[i] for i in cache_spec)
TypeError: string indices must be integers
 (caused by TypeError('string indices must be integers')); please report this issue on  https://github.com/yt-dlp/yt-dlp . Make sure you are using the latest version; see  https://github.com/yt-dlp/yt-dlp  on how to update. Be sure to call yt-dlp with the --verbose flag and include its complete output.
2024-07-18 01:58:38,645 Opening the app
2024-07-18 01:59:45,025 Opening the app
2024-07-18 02:00:33,216 Opening the app
2024-07-18 02:00:54,745 Sending request with URL: https://www.youtube.com/watch?v=9bZkp7q19f0 and format: mp3
2024-07-18 02:00:54,752 Starting new HTTP connection (1): localhost:5000
2024-07-18 02:00:57,651 http://localhost:5000 "POST /convert HTTP/1.1" 200 1054
2024-07-18 02:00:57,651 Error from server: ERROR: Signature extraction failed: Traceback (most recent call last):
  File "C:\Users\Ahmed\Documents\GitHub\SocialMediaConverter\venv\lib\site-packages\yt_dlp\extractor\youtube.py", line 1492, in _decrypt_signature
    return func(s)
  File "C:\Users\Ahmed\Documents\GitHub\SocialMediaConverter\venv\lib\site-packages\yt_dlp\extractor\youtube.py", line 1391, in <lambda>
    return lambda s: ''.join(s[i] for i in cache_spec)
  File "C:\Users\Ahmed\Documents\GitHub\SocialMediaConverter\venv\lib\site-packages\yt_dlp\extractor\youtube.py", line 1391, in <genexpr>
    return lambda s: ''.join(s[i] for i in cache_spec)
TypeError: string indices must be integers
 (caused by TypeError('string indices must be integers')); please report this issue on  https://github.com/yt-dlp/yt-dlp . Make sure you are using the latest version; see  https://github.com/yt-dlp/yt-dlp  on how to update. Be sure to call yt-dlp with the --verbose flag and include its complete output.
2024-07-18 02:00:57,663 Sending request with URL: https://www.youtube.com/watch?v=9bZkp7q19f0 and format: mp3
2024-07-18 02:00:57,663 Starting new HTTP connection (1): localhost:5000
2024-07-18 02:01:00,267 http://localhost:5000 "POST /convert HTTP/1.1" 200 1054
2024-07-18 02:01:00,267 Error from server: ERROR: Signature extraction failed: Traceback (most recent call last):
  File "C:\Users\Ahmed\Documents\GitHub\SocialMediaConverter\venv\lib\site-packages\yt_dlp\extractor\youtube.py", line 1492, in _decrypt_signature
    return func(s)
  File "C:\Users\Ahmed\Documents\GitHub\SocialMediaConverter\venv\lib\site-packages\yt_dlp\extractor\youtube.py", line 1391, in <lambda>
    return lambda s: ''.join(s[i] for i in cache_spec)
  File "C:\Users\Ahmed\Documents\GitHub\SocialMediaConverter\venv\lib\site-packages\yt_dlp\extractor\youtube.py", line 1391, in <genexpr>
    return lambda s: ''.join(s[i] for i in cache_spec)
TypeError: string indices must be integers
 (caused by TypeError('string indices must be integers')); please report this issue on  https://github.com/yt-dlp/yt-dlp . Make sure you are using the latest version; see  https://github.com/yt-dlp/yt-dlp  on how to update. Be sure to call yt-dlp with the --verbose flag and include its complete output.
